<?xml version="1.0" encoding="UTF-8"?>
<testsuites name="Mocha Tests" time="1.627" tests="15" failures="0">
  <testsuite name="" timestamp="2025-09-06T14:28:53" tests="0" time="0.000" failures="0">
    <properties>
      <property name="artifactVersion" value="1.0.0"/>
    </properties>
  </testsuite>
  <testsuite name="All Tests ExampleToken — core behavior" timestamp="2025-09-06T14:28:53" tests="11" file="C:\Users\Toshimoto\Desktop\blockchain-qa-template\test\erc20.core.spec.ts" time="0.895" failures="0">
    <properties>
      <property name="artifactVersion" value="1.0.0"/>
    </properties>
    <testcase name="ExampleToken — core behavior has name/symbol if exposed" time="0.008" classname="has name/symbol if exposed">
    </testcase>
    <testcase name="ExampleToken — core behavior totalSupply &gt; 0 and deployer has balance" time="0.007" classname="totalSupply &gt; 0 and deployer has balance">
    </testcase>
    <testcase name="ExampleToken — core behavior transfer moves balance and emits Transfer" time="0.046" classname="transfer moves balance and emits Transfer">
    </testcase>
    <testcase name="ExampleToken — core behavior transfer 0 works and emits" time="0.033" classname="transfer 0 works and emits">
    </testcase>
    <testcase name="ExampleToken — core behavior self-transfer keeps net balance the same and emits" time="0.035" classname="self-transfer keeps net balance the same and emits">
    </testcase>
    <testcase name="ExampleToken — core behavior reverts when transferring more than balance" time="0.015" classname="reverts when transferring more than balance">
    </testcase>
    <testcase name="ExampleToken — core behavior reverts when transferring to the zero address" time="0.007" classname="reverts when transferring to the zero address">
    </testcase>
    <testcase name="ExampleToken — core behavior approve sets allowance and emits Approval" time="0.033" classname="approve sets allowance and emits Approval">
    </testcase>
    <testcase name="ExampleToken — core behavior transferFrom consumes allowance and moves funds" time="0.034" classname="transferFrom consumes allowance and moves funds">
    </testcase>
    <testcase name="ExampleToken — core behavior approve overwrite OR zero-first pattern (both accepted)" time="0.009" classname="approve overwrite OR zero-first pattern (both accepted)">
    </testcase>
    <testcase name="ExampleToken — core behavior logs include Transfer event (topic parsing smoke test)" time="0.024" classname="logs include Transfer event (topic parsing smoke test)">
    </testcase>
  </testsuite>
  <testsuite name="All Tests ExampleToken — fuzzed transfers" timestamp="2025-09-06T14:28:54" tests="1" file="C:\Users\Toshimoto\Desktop\blockchain-qa-template\test\erc20.fuzz.spec.ts" time="0.550" failures="0">
    <properties>
      <property name="artifactVersion" value="1.0.0"/>
    </properties>
    <testcase name="ExampleToken — fuzzed transfers random valid transfers conserve total supply" time="0.508" classname="random valid transfers conserve total supply">
    </testcase>
  </testsuite>
  <testsuite name="All Tests ExampleToken" timestamp="2025-09-06T14:28:54" tests="3" file="C:\Users\Toshimoto\Desktop\blockchain-qa-template\test\ExampleToken.spec.ts" time="0.169" failures="0">
    <properties>
      <property name="artifactVersion" value="1.0.0"/>
    </properties>
    <testcase name="ExampleToken mints only by owner" time="0.064" classname="mints only by owner">
    </testcase>
    <testcase name="ExampleToken reverts mint from non-owner" time="0.046" classname="reverts mint from non-owner">
    </testcase>
    <testcase name="ExampleToken pauses transfers" time="0.054" classname="pauses transfers">
    </testcase>
  </testsuite>
</testsuites>